2025-03-07 12:34:41 [CLIENT] [INFO] Setting user: Player644
2025-03-07 12:34:41 [CLIENT] [INFO] LWJGL Version: 2.4.2
2025-03-07 12:34:47 [CLIENT] [INFO] Found animation info for: textures/blocks/lava_flow.txt
2025-03-07 12:34:47 [CLIENT] [INFO] Found animation info for: textures/blocks/water_flow.txt
2025-03-07 12:34:47 [CLIENT] [INFO] Found animation info for: textures/blocks/fire_0.txt
2025-03-07 12:34:47 [CLIENT] [INFO] Found animation info for: textures/blocks/fire_1.txt
2025-03-07 12:34:47 [CLIENT] [INFO] Found animation info for: textures/blocks/lava.txt
2025-03-07 12:34:47 [CLIENT] [INFO] Found animation info for: textures/blocks/portal.txt
2025-03-07 12:34:47 [CLIENT] [INFO] Found animation info for: textures/blocks/water.txt
2025-03-07 12:34:47 [CLIENT] [INFO] Found animation info for: textures/items/clock.txt
2025-03-07 12:34:47 [CLIENT] [INFO] Found animation info for: textures/items/compass.txt
2025-03-07 12:34:47 [CLIENT] [INFO] Found animation info for: textures/blocks/lava_flow.txt
2025-03-07 12:34:47 [CLIENT] [INFO] Found animation info for: textures/blocks/water_flow.txt
2025-03-07 12:34:47 [CLIENT] [INFO] Found animation info for: textures/blocks/fire_0.txt
2025-03-07 12:34:47 [CLIENT] [INFO] Found animation info for: textures/blocks/fire_1.txt
2025-03-07 12:34:47 [CLIENT] [INFO] Found animation info for: textures/blocks/lava.txt
2025-03-07 12:34:47 [CLIENT] [INFO] Found animation info for: textures/blocks/portal.txt
2025-03-07 12:34:47 [CLIENT] [INFO] Found animation info for: textures/blocks/water.txt
2025-03-07 12:34:47 [CLIENT] [INFO] Found animation info for: textures/items/clock.txt
2025-03-07 12:34:47 [CLIENT] [INFO] Found animation info for: textures/items/compass.txt
2025-03-07 12:34:48 [CLIENT] [WARNING] Failed to add pack.mcmeta in resources
2025-03-07 12:34:48 [CLIENT] [WARNING] Failed to add READ_ME_I_AM_VERY_IMPORTANT in resources
2025-03-07 12:35:14 [CLIENT] [INFO] Stopping!
2025-03-07 12:38:03 [CLIENT] [INFO] Setting user: Player567
2025-03-07 12:38:04 [CLIENT] [INFO] LWJGL Version: 2.4.2
2025-03-07 12:38:08 [CLIENT] [INFO] Found animation info for: textures/blocks/lava_flow.txt
2025-03-07 12:38:08 [CLIENT] [INFO] Found animation info for: textures/blocks/water_flow.txt
2025-03-07 12:38:08 [CLIENT] [INFO] Found animation info for: textures/blocks/fire_0.txt
2025-03-07 12:38:08 [CLIENT] [INFO] Found animation info for: textures/blocks/fire_1.txt
2025-03-07 12:38:08 [CLIENT] [INFO] Found animation info for: textures/blocks/lava.txt
2025-03-07 12:38:08 [CLIENT] [INFO] Found animation info for: textures/blocks/portal.txt
2025-03-07 12:38:08 [CLIENT] [INFO] Found animation info for: textures/blocks/water.txt
2025-03-07 12:38:09 [CLIENT] [INFO] Found animation info for: textures/items/clock.txt
2025-03-07 12:38:09 [CLIENT] [INFO] Found animation info for: textures/items/compass.txt
2025-03-07 12:38:09 [CLIENT] [INFO] Found animation info for: textures/blocks/lava_flow.txt
2025-03-07 12:38:09 [CLIENT] [INFO] Found animation info for: textures/blocks/water_flow.txt
2025-03-07 12:38:09 [CLIENT] [INFO] Found animation info for: textures/blocks/fire_0.txt
2025-03-07 12:38:09 [CLIENT] [INFO] Found animation info for: textures/blocks/fire_1.txt
2025-03-07 12:38:09 [CLIENT] [INFO] Found animation info for: textures/blocks/lava.txt
2025-03-07 12:38:09 [CLIENT] [INFO] Found animation info for: textures/blocks/portal.txt
2025-03-07 12:38:09 [CLIENT] [INFO] Found animation info for: textures/blocks/water.txt
2025-03-07 12:38:10 [CLIENT] [WARNING] Failed to add pack.mcmeta in resources
2025-03-07 12:38:10 [CLIENT] [WARNING] Failed to add READ_ME_I_AM_VERY_IMPORTANT in resources
2025-03-07 12:38:10 [CLIENT] [INFO] Found animation info for: textures/items/clock.txt
2025-03-07 12:38:10 [CLIENT] [INFO] Found animation info for: textures/items/compass.txt
2025-03-07 12:39:15 [CLIENT] [INFO] Stopping!
